1628472971974:get-all-deals
1628473006384:stacktrace
1628473082401:get-all-deals
1628475335605:get-deal-by-id 1
1628475376987:stacktrace
1628475424892:get-deal-by-id
1628475432305:get-deal-by-id 1
1628475455736:stacktrace
1628475550968:get-deal-by-id 1
1628475604078:stacktrace
1628475698916:get-deal-by-id
1628475705799:get-deal-by-id 1
1628476735942:get-deal-by-id -id 1
1628476745787:get-deal-by-id 1
1628476752360:stacktrace
1628477315140:get-all-deals
1628477328886:get-deal-by-id 1
1628490006279:stacktrace
1628490474584:get-deal-by-id 1
1628491085997:stacktrace
1628491138210:get-deal-by-id 1
1628491352627:stacktrace
1628491411969:get-deal-by-id 1
1628492871827:add-deal 1 3 121.11 122.22
1628493015186:stacktrace
1628493050216:add-deal 1 3 121.11 122.22
1628493236091:add-deal {
1628493328476:add-deal {"stockId":1,"entrustId":"3","number":"121.11","price":"122.22"}
1628493343794:add-deal {"stockId":"1","entrustId":"3","number":"121.11","price":"122.22"}
1628493374730:add-deal 1
1628493459047:add-deal "stockId":"1" "entrustId":"3" "number":"121.11" "price":"122.22"
1628493480637:add-deal ""
1628493493319:add-deal --params map
1628493511196:add-deal "1"
1628493645573:get-deal-by-id 1
1628494250698:get-all-deals
1628494647514:get-deal-by-id 1
1628494676759:delete-deal 3
1628494746013:add-deal
1628494759749:stacktrace
1628495304039:add-deal
1628495769997:add-deal {"stockId":"1","entrustId":"3","number":"111.11","price":"222.22"}
1628495791225:add-deal ["stockId":"1","entrustId":"3","number":"111.11","price":"222.22"]
1628497094583:get-all-deals
1628497103422:get-deal-by-id 1
1628497125759:get-all-entrusts
1628497136054:get-entrust-by-id 1
1628497168463:stacktrace
1628497226174:delete-entrust 5
1628497262884:get-all-entrusts
1628497271299:delete-entrust 4
1628497278906:get-all-entrusts
1628497298912:get-entrust-by-id 1
1628497324805:get-all-quotes
1628497339225:get-quote-by-id 3
1628497361283:get-all-stocks
1628497379151:get-stock-by-id 1
1628497401589:delete-stock 4
1628497735820:get-entrust-by-id 1
1628497815469:delete-stock 4
1628498314333:delete-stock 6
1628498445189:get-entrust-by-id 1
1628499789160:test-Object 121
1628499798420:stacktrace
1628499813387:test-object 11
1628500505463:add-deal 11
1628500647693:get-deal-by-id 1
1628500815903:add-deal 11
1628501075994:get-all-deals
1628501095949:get-deal-by-id 1
1628555778836:add-deal 11
1628555805007:add-deal "go"
1628555904861:add-deal ""
1628555913039:add-deal "abc"
1628555938033:stacktrace
1628555989918:add-deal "a"
1628556415057:add-deal 1,3,121.1,122.2
1628556424550:stacktrace
1628556500579:add-deal 1,3,121.1,122.2
1628557260941:stacktrace
1628557565085:add-deal 1,3,121.1,122.2
1628559340570:add-deal 1,3,121.11,122.22
1628559852608:add-deal 1,3,121.1,122.2
1628561030317:add-deal 1,3,121.11,122.22
1628561368147:stacktrace
1628561621718:add-deal 1,3,121.11,122.22
1628561856973:stacktrace
1628562293610:add-deal 1,3,121.11,122.22
1628562825387:stacktrace
1628563059404:add-deal 1,3,121.11,122.22
1628563241225:add-deal 1,3,111.11,222.22
1628563431815:add-deal 1,3,111.11,111.22
1628563456916:add-deal 1,3,11.11,22.22
1628564148349:add-deal 1,3,111.11,222.22
1628564407627:add-deal 1,3,111.11,111.2
1628564457320:add-deal 1,3,11.11,22.22
1628577259522:stacktrace
1628577807467:add-deal 1,3,11.11,22.22
1628578032837:stacktrace
1628579062330:add-deal 1,3,11.11,22.22
1628579913584:add-deal 1,3,11.2,22.1
1628579964382:add-deal 1,3,11.11,22.22
1628579972135:stacktrace
1628580218546:add-deal 1,3,11.11,22.22
1628580233202:stacktrace
1628580344817:add-deal 1,3,11.11,11.11
1628581164008:add-deal 1,3,11.1,22.2
1628581211087:stacktrace
1628581467816:add-deal 1,3,11.1,22.2
1628581651706:add-deal 1,1,11.1,22.2
1628581916611:add-deal 1,3,11.1,11.1
1628582054742:add-deal 1,3,11.1,22.2
1628582146810:get-deal-by-id 1
1628582677604:add-deal 1,3,11.1,12.1
1628582690670:get-deal-by-id 1
1628645280107:add-deal 1,3,1,2
1628645578931:add-stock 类型X,股票T,Stock_T,10000
1628645595256:add-quote 1,1,1,1,1,1,1
1628645663863:add-entrust 1,1,1
1628645782622:add-quote 2,2,2,2,2,2,2
1628645793955:add-quote 1,2,2,2,2,2,2
1628645837319:stacktrace
1628668739835:get-all-deals
1628668749489:get-deal-by-id 1
1628668804959:add-deal 1,1,0.33,0.12
1628669404720:get-deal-by-id 1
1628669433016:stacktrace
1628669722838:get-deal-by-id 1
1628670117721:get-deal-by-id
1628670123957:get-deal-by-id 1
1628671009373:stacktrace
1628671297787:get-deal-by-id 1
1628671521856:get-all-deals
1628672303041:get-deal-by-id 1
1628673537961:get-all-deals
1628673550664:get-all-entrusts
1628673555878:get-all-quote
1628673561932:get-all-quotes
1628673570197:get-all-stocks
1628673584520:get-deal-by-id 1
1628673592264:get-entrust-by-id 1
1628673600217:get-quote-by-id 1
1628673611253:get-stock-by-id 1
1628673685919:get-quote-by-id 3
1628673727192:delete-deal 6
1628673779906:add-entrust 1,2.00,2.00
1628673804260:delete-entrust 6
1628673870183:add-quote 1,3,3,3,3,3,3
1628673933311:add-stock 1,1,1,1
1628673951732:delete-stock 7
1628674068833:add-quote 1,4,4,4,4,4,4
1628728463336:add-deal 1,5,5,5,5,5,5
1628728484724:add-quote 1,5,5,5,5,5,5
1628728588471:add-quote 1,6,6,6,6,6,6
1628736126332:version
1628736157994:ls
1628736163449:list
1628736179852:command-form ""
1628736192716:get-all-deals
1628736257897:version
1628736263191:key
1628736386075:version
1628736400165:clear
1628736413769:script
1628736473170:script C:\\Users\\宋立成\\Desktop\\test.txt
1628736510370:script --file C:\\Users\\宋立成\\Desktop\\test.txt
1628736517214:stacktrace
1628737130860:script test.txt
1628737181177:script C:\\Users\\宋立成\\Desktop\\test.txt
1628737217944:script C:\\Users\\宋立成\\Desktop\\test.txr
1628737225696:script C:\\Users\\宋立成\\Desktop\\test.txt
1628737257449:script d:\\test.txt
1628737287184:script d:
1628737300142:script d:\\test\\test.txt
1628737330335:script d:\\\\test\\test.txt
1628737434954:script d:\\test\\test.txt
1628737440147:stacktrace
1628737465807:script d:\\\\test\\\\test.txt
1628747366534:help
1628748234814:get-all-deals
1628748238904:help
1628748513997:test
1628748518115:help
1628837033922:neeq admin,123456
1628837047368:neeq admin 123456
1628837065423:stacktrace
1628837264836:neeq admin 123456
1628838608684:help
1628842065452:get-all-deals
1628842286047:help
1628842395109:get-all-deals
1628842401988:cd deal
1628842410296:get-all-deals
1628842554987:cd deal
1628843082368:get-all-deals
1628843087100:cd deal
1628843092984:get-all-deals
1628843097972:help
1629074258687:neeq
1629074273248:neeq admin
1629074280998:neeq admin 123456
1629074296450:ls
1629074304143:get-all-deals
1629075530007:ls
1629075845285:llists
1629075897560:lists
1629082104022:ls
1629082137146:lists
1629082183503:ls
1629082194958:lists
1629094666127:lists help
1629095018768:ls
1629095064549:help ls
1629095142740:ls
1629096367008:cd deal
1629096371667:ls
1629096381860:get-all-deals
1629096388814:help get-all-deals
1629099061261:ls
1629102027275:stacktrace
1629102110387:ls
1629102128709:help help
1629102138063:help script
1629102399826:ls
1629102406922:cd qwq
1629102416902:cd deal
1629102421780:cd Deal
1629102440803:ls
1629102525483:cd Deal
1629102534398:get-all-deal
1629102536773:ls
1629102543527:get-all-deals
1629102755217:ls
1629102764131:cd deal
1629102769294:get-all-deals
1629103235465:neeq admin 123456
1629103242575:neeq admin 1212
1629103250505:neeq admin1 123456
1629103772997:ls
1629104209912:neeq admin 123456
1629104240218:stacktrace
1629104322503:ls
1629104328878:neeq admin 123456
1629104346752:cd deal
1629104350505:ls
1629104356399:get-all-deals
1629104418134:neeq admin 123
1629104425816:neeq admin 123456
1629165222222:neeq admin 111
1629165294979:neeq admin 123456
1629165725253:neeq
1629165731500:ls
1629166119420:help
1629166138453:ls
1629166157353:neeq admin 123456
1629166159541:ls
1629166506778:clear
1629166538745:quit
1629167084197:ls
1629169027382:help
1629169039279:ls
1629169478003:cd
1629169577650:ls
1629169583102:help
1629169588054:stacktrace
1629169595049:neeq admin 123456
1629169597645:ls
1629169617489:help
1629169961932:cd 1
1629169968708:clear
1629169971970:help
1629169975950:ls
1629169982086:quit
1629169984688:exit
1629170029124:script
1629170039973:stacktrace
1629170057072:neeq admin 123456
1629170100183:cd 1
1629170108139:neeq admin 123456
1629170112806:help
1629170122332:ls
1629170135080:cd deal
1629170141301:get-all-deals
1629170143488:cd 1
1629353220369:neeq
1629353224809:help
1629353232034:stacktrace
1629353241823:neeq admin 123456
1629353259184:help
1629353281463:ls
1629353334937:cd deal
1629353339092:ls
1629353361261:cd deal
1629353366683:cd..
1629354387248:tracktrace
1629354396949:stacktrace
1629354429217:neeq admin 123456
1629354432823:ls
1629354489079:cd deal
1629354490354:ls
1629354876081:neeq admin 123456
1629354878106:ls
1629354882153:cd deal
1629354884162:ls
1629354902181:cd deal
1629355096282:neeq ad
1629355109379:neeq admin 123456
1629355113885:ls
1629355127393:cd
1629355133088:cd deal
1629355139803:ls
1629355158009:cd..
1629355162137:cd ..
1629361075402:neeq admin 123456
1629361078784:ls
1629361087617:cd ..
1629361090944:ls
1629361104052:cd deal
1629361109246:get-all-deals
1629361111975:ls
1629361127211:cd ..
1629361134738:ls
1629361144171:cd stock
1629361146730:ls
1629361155565:get-stock-by-id 1
1629361160448:ls
1629361168517:help get-all-stocks
1629361174114:quit
1629424099154:neeq
1629424103159:neeq admin 123456
1629445035372:isafo
1629445041174:stacktrace
1629445047647:ls
1629445084044:cd deal
1629445093810:ls
1629445107312:cd ..
1629445112057:cd stock
1629445114022:ls
1629447776129:neeq admin 123456
1629447779685:ls
1630216899313:a
